<?xml version="1.0" encoding="UTF-8"?>
<testng-results ignored="0" total="1" passed="1" failed="0" skipped="0">
  <reporter-output>
  </reporter-output>
  <suite started-at="2023-07-05T16:21:32 IST" name="Default suite" finished-at="2023-07-05T16:24:25 IST" duration-ms="173269">
    <groups>
    </groups>
    <test started-at="2023-07-05T16:21:32 IST" name="Default test" finished-at="2023-07-05T16:24:25 IST" duration-ms="173269">
      <class name="com.advanced.BrokenLinks">
        <test-method signature="test()[pri:0, instance:com.advanced.BrokenLinks@57d7f8ca]" started-at="2023-07-05T16:21:32 IST" name="test" finished-at="2023-07-05T16:24:25 IST" duration-ms="173211" status="PASS">
          <reporter-output>
          </reporter-output>
        </test-method> <!-- test -->
      </class> <!-- com.advanced.BrokenLinks -->
    </test> <!-- Default test -->
  </suite> <!-- Default suite -->
</testng-results>
